<?xml version="1.0"?>
<psalm
    errorLevel="1"
    resolveFromConfigFile="true"
    xmlns:xsi="http://www.w3.org/2001/XMLSchema-instance"
    xmlns="https://getpsalm.org/schema/config"
    xsi:schemaLocation="https://getpsalm.org/schema/config vendor/vimeo/psalm/config.xsd"
>
    <projectFiles>
        <directory name="src"/>
        <directory name="tests"/>
        <ignoreFiles>
            <directory name="vendor"/>
            <directory name="tests/Codeception/Support/_generated"/>
        </ignoreFiles>
    </projectFiles>

    <issueHandlers>
        <InaccessibleProperty>
            <errorLevel type="suppress">
                <directory name="tests"/>
            </errorLevel>
        </InaccessibleProperty>
        <UndefinedTrait>
            <errorLevel type="suppress">
                <file name="tests/Codeception/Support/AcceptanceTester.php"/>
            </errorLevel>
        </UndefinedTrait>
        <ImplementedReturnTypeMismatch>
            <errorLevel type="suppress">
                <file name="tests/Codeception/Support/AcceptanceTester.php"/>
            </errorLevel>
        </ImplementedReturnTypeMismatch>
        <TooManyArguments>
            <errorLevel type="suppress">
                <directory name="tests/Codeception/Support/Steps"></directory>
            </errorLevel>
        </TooManyArguments>
    </issueHandlers>

    <plugins>
        <pluginClass class="Psalm\PhpUnitPlugin\Plugin"/>
    </plugins>
</psalm>
